PID: by_Rain 27/09-2006g.
                       
  http://filejunkie.livejournal.com/190677.html                                
  -------------------------------------
                                                                               
  [1][2]                                                                       
                                                                               
  Что мне попросить у Деда Мороза?                                             
  Мнения:                                                                      
  [3][4]                                                                       
   [5]голосовать!                                                              
                                                                               
                                                                               
                                                                               
                                                                               
  Добавить мнение:                                                             
                                                                               
                                                                               
  ---------------------------------------------------------------------------  
                                                                               
                                                                               
  [6]А что попросить у Деда Мороза тебе? Узнай мнение своих друзей!            
                                                                               
                                                                               
  Форма спижжена у                                                             
  buser.                                                                       
                                                                               
  [1]: http://mywishlist.ru/quiz2007/quiz/348                                  
  [2]: http://mywishlist.ru/images/misc/dm.gif                                 
  [3]: http://mywishlist.ru/quiz2007/quiz/348                                  
  [4]: http://mywishlist.ru/quiz2007/button/348                                
  [5]: http://mywishlist.ru/quiz2007/quiz/348                                  
  [6]: http://mywishlist.ru/quiz2007/code                                      


  Music: Judas Priest - Breaking The Law (British Steel, 1980, Heavy Metal)    
  Mood: На-на-на-нанана-нанана                                                 
  Date: Mon, 25 Dec 2006 14:56:27 GMT                                          



