 19-Oct-2006 21:31:54 Logfile created by_Rain 27/09-2006g.
 19-Oct-2006 21:31:54 Запуск программы
 19-Oct-2006 21:32:13 RSS лента в UTF-8 кодировке
 19-Oct-2006 21:32:42 Работа программы завершена
 19-Oct-2006 21:33:06 Запуск программы
 19-Oct-2006 21:33:13 RSS лента в UTF-8 кодировке
 19-Oct-2006 21:34:05 Работа программы завершена
 19-Oct-2006 21:34:14 Запуск программы
 19-Oct-2006 21:34:23 RSS лента в UTF-8 кодировке
 19-Oct-2006 21:37:21 Работа программы завершена
 19-Oct-2006 21:37:41 Запуск программы
 19-Oct-2006 21:37:54 RSS лента в UTF-8 кодировке
 19-Oct-2006 21:37:54 Значение "descriptiof" не найдено
 19-Oct-2006 21:41:10 Работа программы завершена
 19-Oct-2006 21:42:14 Запуск программы
 19-Oct-2006 21:42:14 Работа программы завершена
 19-Oct-2006 21:42:23 Запуск программы
 19-Oct-2006 21:42:33 RSS лента в UTF-8 кодировке
 19-Oct-2006 21:42:34 Значение "descriptiof" не найдено
 19-Oct-2006 21:43:20 Работа программы завершена
 19-Oct-2006 21:43:29 Запуск программы
 19-Oct-2006 21:44:36 Запуск программы
 19-Oct-2006 21:44:42 RSS лента в UTF-8 кодировке
 19-Oct-2006 21:44:42 Значение "descriptiof" не найдено
 19-Oct-2006 21:44:52 Работа программы завершена
 19-Oct-2006 21:46:22 Запуск программы
 19-Oct-2006 21:52:25 Запуск программы
 19-Oct-2006 21:52:33 RSS лента в UTF-8 кодировке
 19-Oct-2006 21:52:44 RSS лента в UTF-8 кодировке
 19-Oct-2006 21:52:44 Значение "lj:music" не найдено
 19-Oct-2006 21:53:35 Работа программы завершена
 19-Oct-2006 21:53:47 Запуск программы
 19-Oct-2006 21:53:53 RSS лента в UTF-8 кодировке
 19-Oct-2006 21:54:03 Работа программы завершена
 19-Oct-2006 21:54:08 Запуск программы
 19-Oct-2006 21:56:07 Запуск программы
 19-Oct-2006 21:56:34 RSS лента в UTF-8 кодировке
 19-Oct-2006 21:56:45 RSS лента в UTF-8 кодировке
 19-Oct-2006 21:56:45 Значение "lj:music" не найдено
 19-Oct-2006 21:57:50 Запуск программы
 19-Oct-2006 21:58:13 Запуск программы
 19-Oct-2006 21:58:19 RSS лента в UTF-8 кодировке
 19-Oct-2006 21:58:27 RSS лента в UTF-8 кодировке
 19-Oct-2006 21:58:34 RSS лента в UTF-8 кодировке
 19-Oct-2006 21:58:39 Работа программы завершена
 19-Oct-2006 22:22:30 Запуск программы
 19-Oct-2006 22:22:30 Работа программы завершена
 19-Oct-2006 22:29:17 Запуск программы
 19-Oct-2006 22:29:29 RSS лента в UTF-8 кодировке
 19-Oct-2006 22:29:42 Работа программы завершена
