PID: by_Rain 27/09-2006g.
                       
   ┌─────────────────────────────────────────────────────────────────────────┐
   │ > Было здорово!                                                         │
 > ------------------------------------------------------------------------
   │Катался на коньках рядом с домом, смотрел мощнейший салют, ел и пил      │
   │много разных вкусностей, Ж. устроил мини-концерт на своей новой электро- │
   │гитаре...                                                                │
   │                                                                         │
   │Ходил на "Волкодава". Не знаю что можно сказать о книге, но              │
   │экранизация - муть полнейшая! :) Нет оригинальности, схожие спецэффекты  │
   │из других фильмов, да и сюжет мне напомнил "Властелина Колец" со         │
   │"Звездными Войнами". Нашим надо создавать собственный Голливуд, а не     │
   │заимствовать то, что уже давным-давно все видели. Так и конкуренция      │
   │здоровая появится...                                                     │
   │Вчера дядя О. показал свой литейный цех, где делают скульптуры из        │
   │железа. Видел много чего эксклюзивного.                                  │
   │                                                                         │
   │Систер осталась до 5-го числа - собирается поехать с А. по магазинам.    │
   │Хыхых, чую.. из Москвы приедет девушка-мажор. :))                        │
   │                                                                         │
   │Кстати, добрался домой очень быстро - всего за 4,5 часа на "Невском      │
   │Экспрессе". Всю дорогу крутили классические комедии, как пролетело время │
   │не заметил.                                                              │
   │                                                                         │
   │P.S. За смс-поздравления всем пасибки! :)                                │
   │                                                                         │
   │P.P.S. Записываюсь в автошколу! 8)                                       │
   │                                                                         │
   │[http://img361.imageshack.us/img361/1035/dsc00058af9.jpg]                │
   │                                                                         │
   │Новогодние песенки вместо привычной тишины вокзала прикололи. :))        │
   │                                                                         │
   │[http://img402.imageshack.us/img402/9691/dsc00071kz8.jpg]                │
   │                                                                         │
   │Серёга и Захарик (троюродный и родной брат)                              │
   │                                                                         │
   │[http://img401.imageshack.us/img401/8389/dsc00086sf2.jpg]                │
   │                                                                         │
   │Серёга, Настя и Захарик                                                  │
   │                                                                         │
   │[http://img373.imageshack.us/img373/3818/dsc00088zk1.jpg]                │
   │                                                                         │
   │Собственной персоной (с)                                                 │
   │                                                                         │
   │[http://img294.imageshack.us/img294/2895/dsc00091pf5.jpg]                │
   │                                                                         │
   │Фазер с железной рукой                                                   │
   │                                                                         │
   │[http://img402.imageshack.us/img402/6237/dsc00090ux7.jpg]                │
   │                                                                         │
   │Кузнец                                                                   │
   │                                                                         │
   │[http://img152.imageshack.us/img152/2535/dsc00083dx3.jpg]                │
   │                                                                         │
   │[http://img402.imageshack.us/img402/1992/dsc00082of2.jpg]                │
   │                                                                         │
   │[http://img152.imageshack.us/img152/4424/dsc00080wp8.jpg]                │
   │                                                                         │
   │[http://img402.imageshack.us/img402/3876/dsc00115yr2.jpg]                │
   │                                                                         │
   │%)                                                                       │
   │                                                                         │
   │[http://img182.imageshack.us/img182/4103/dsc00116jx1.jpg]                │
   │                                                                         │
   │Вчерашний Питер                                                          │
   ├─--───────────────────────────────────---------------------------------──┤
   │ > Thu, 04 Jan 2007 17:48:55 GMT                                         │
   ├─--───────────────────────────────────---------------------------------──┤
 http://converseman.livejournal.com/30565.html                                
   └─────────────────────────────────────────────────────────────────────────┘
              


