PID: by_Rain 27/09-2006g.
  http://converseman.livejournal.com/30565.html                                
  -------------------------------------
  Катался на коньках рядом с домом, смотрел мощнейший салют, ел и пил много    
  разных вкусностей, Ж. устроил мини-концерт на своей новой электро-гитаре...  
                                                                               
  Ходил на "Волкодава". Не знаю что можно сказать о книге, но экранизация -    
  муть полнейшая! :) Нет оригинальности, схожие спецэффекты из других фильмов, 
  да и сюжет мне напомнил "Властелина Колец" со "Звездными Войнами". Нашим     
  надо создавать собственный Голливуд, а не заимствовать то, что уже давным-   
  давно все видели. Так и конкуренция здоровая появится...                     
  Вчера дядя О. показал свой литейный цех, где делают скульптуры из железа.    
  Видел много чего эксклюзивного.                                              
                                                                               
  Систер осталась до 5-го числа - собирается поехать с А. по магазинам.        
  Хыхых, чую.. из Москвы приедет девушка-мажор. :))                            
                                                                               
  Кстати, добрался домой очень быстро - всего за 4,5 часа на "Невском          
  Экспрессе". Всю дорогу крутили классические комедии, как пролетело время не  
  заметил.                                                                     
                                                                               
  P.S. За смс-поздравления всем пасибки! :)                                    
                                                                               
  P.P.S. Записываюсь в автошколу! 8)                                           
                                                                               
  [1]                                                                          
                                                                               
  Новогодние песенки вместо привычной тишины вокзала прикололи. :))            
                                                                               
  [2]                                                                          
                                                                               
  Серёга и Захарик (троюродный и родной брат)                                  
                                                                               
  [3]                                                                          
                                                                               
  Серёга, Настя и Захарик                                                      
                                                                               
  [4]                                                                          
                                                                               
  Собственной персоной (с)                                                     
                                                                               
  [5]                                                                          
                                                                               
  Фазер с железной рукой                                                       
                                                                               
  [6]                                                                          
                                                                               
  Кузнец                                                                       
                                                                               
  [7]                                                                          
                                                                               
  [8]                                                                          
                                                                               
  [9]                                                                          
                                                                               
  [10]                                                                         
                                                                               
  %)                                                                           
                                                                               
  [11]                                                                         
                                                                               
  Вчерашний Питер                                                              
                                                                               
  [1]: http://img361.imageshack.us/img361/1035/dsc00058af9.jpg                 
       (Фотки тут...)                                                          
  [2]: http://img402.imageshack.us/img402/9691/dsc00071kz8.jpg                 
  [3]: http://img401.imageshack.us/img401/8389/dsc00086sf2.jpg                 
  [4]: http://img373.imageshack.us/img373/3818/dsc00088zk1.jpg                 
  [5]: http://img294.imageshack.us/img294/2895/dsc00091pf5.jpg                 
  [6]: http://img402.imageshack.us/img402/6237/dsc00090ux7.jpg                 
  [7]: http://img152.imageshack.us/img152/2535/dsc00083dx3.jpg                 
  [8]: http://img402.imageshack.us/img402/1992/dsc00082of2.jpg                 
  [9]: http://img152.imageshack.us/img152/4424/dsc00080wp8.jpg                 
  [10]: http://img402.imageshack.us/img402/3876/dsc00115yr2.jpg                
  [11]: http://img182.imageshack.us/img182/4103/dsc00116jx1.jpg                


  Музыка: Michael Jackson - Dangerous                                          
  Настроение: happy                                                            
  Дата: Thu, 04 Jan 2007 17:48:55 GMT                                          



