PID: by_Rain 27/09-2006g.
              
 Катался на коньках рядом с домом, смотрел мощнейший салют, ел и пил много    
 разных вкусностей, Ж. устроил мини-концерт на своей новой электро-гитаре...  
                                                                              
 Ходил на "Волкодава". Не знаю что можно сказать о книге, но экранизация -    
 муть полнейшая! :) Нет оригинальности, схожие спецэффекты из других фильмов, 
 да и сюжет мне напомнил "Властелина Колец" со "Звездными Войнами". Нашим     
 надо создавать собственный Голливуд, а не заимствовать то, что уже давным-   
 давно все видели. Так и конкуренция здоровая появится...                     
 Вчера дядя О. показал свой литейный цех, где делают скульптуры из железа.    
 Видел много чего эксклюзивного.                                              
                                                                              
 Систер осталась до 5-го числа - собирается поехать с А. по магазинам.        
 Хыхых, чую.. из Москвы приедет девушка-мажор. :))                            
                                                                              
 Кстати, добрался домой очень быстро - всего за 4,5 часа на "Невском          
 Экспрессе". Всю дорогу крутили классические комедии, как пролетело время не  
 заметил.                                                                     
                                                                              
 P.S. За смс-поздравления всем пасибки! :)                                    
                                                                              
 P.P.S. Записываюсь в автошколу! 8)                                           
                                                                              
                                                                              
                                                                              
 Новогодние песенки вместо привычной тишины вокзала прикололи. :))            
                                                                              
                                                                              
                                                                              
 Серёга и Захарик (троюродный и родной брат)                                  
                                                                              
                                                                              
                                                                              
 Серёга, Настя и Захарик                                                      
                                                                              
                                                                              
                                                                              
 Собственной персоной (с)                                                     
                                                                              
                                                                              
                                                                              
 Фазер с железной рукой                                                       
                                                                              
                                                                              
                                                                              
 Кузнец                                                                       
                                                                              
                                                                              
                                                                              
                                                                              
                                                                              
                                                                              
                                                                              
                                                                              
                                                                              
 %)                                                                           
                                                                              
                                                                              
                                                                              
 Вчерашний Питер                                                              

 Дата: Thu, 04 Jan 2007 17:48:55 GMT                                          
 Адрес сайта: http://converseman.livejournal.co...


